Node: aban  Date: Tue Jun  9 08:13:11 PM PDT 2026

Loading results/raw_results.json …
  6400 records
  4520 records need new baselines backfill
  50/4520  (1.7m, ETA 156.4m)
  100/4520  (4.3m, ETA 191.6m)
  150/4520  (6.9m, ETA 200.6m)
  200/4520  (9.5m, ETA 204.9m)
  250/4520  (12.0m, ETA 205.3m)
  300/4520  (14.6m, ETA 205.7m)
  350/4520  (17.2m, ETA 204.8m)
  400/4520  (19.7m, ETA 203.4m)
  450/4520  (22.4m, ETA 202.2m)
  500/4520  (24.9m, ETA 200.4m)
  550/4520  (27.5m, ETA 198.8m)
  600/4520  (30.1m, ETA 196.9m)
  650/4520  (32.7m, ETA 194.8m)
  700/4520  (35.3m, ETA 192.9m)
  750/4520  (37.9m, ETA 190.6m)
  800/4520  (40.6m, ETA 188.7m)
  850/4520  (43.2m, ETA 186.4m)
  900/4520  (45.8m, ETA 184.1m)
  950/4520  (48.4m, ETA 181.9m)
  1000/4520  (51.0m, ETA 179.5m)
  1050/4520  (53.7m, ETA 177.3m)
  1100/4520  (56.3m, ETA 175.0m)
  1150/4520  (58.9m, ETA 172.7m)
  1200/4520  (61.6m, ETA 170.4m)
  1250/4520  (64.2m, ETA 168.0m)
  1300/4520  (66.9m, ETA 165.7m)
  1350/4520  (69.6m, ETA 163.3m)
  1400/4520  (72.2m, ETA 161.0m)
  1450/4520  (74.9m, ETA 158.6m)
  1500/4520  (76.4m, ETA 153.7m)
  1550/4520  (77.8m, ETA 149.1m)
  1600/4520  (79.3m, ETA 144.7m)
  1650/4520  (80.7m, ETA 140.4m)
  1700/4520  (82.2m, ETA 136.4m)
  1750/4520  (83.7m, ETA 132.4m)
  1800/4520  (85.1m, ETA 128.6m)
  1850/4520  (86.6m, ETA 125.0m)
  1900/4520  (88.0m, ETA 121.4m)
  1950/4520  (89.5m, ETA 117.9m)
  2000/4520  (90.9m, ETA 114.6m)
  2050/4520  (92.4m, ETA 111.3m)
  2100/4520  (93.9m, ETA 108.2m)
  2150/4520  (95.3m, ETA 105.1m)
  2200/4520  (96.8m, ETA 102.1m)
  2250/4520  (98.3m, ETA 99.1m)
  2300/4520  (99.7m, ETA 96.3m)
  2350/4520  (101.2m, ETA 93.4m)
  2400/4520  (102.7m, ETA 90.7m)
  2450/4520  (104.1m, ETA 88.0m)
  2500/4520  (105.6m, ETA 85.3m)
  2550/4520  (107.1m, ETA 82.7m)
  2600/4520  (108.6m, ETA 80.2m)
  2650/4520  (110.0m, ETA 77.7m)
  2700/4520  (111.5m, ETA 75.2m)
  2750/4520  (113.0m, ETA 72.7m)
  2800/4520  (114.5m, ETA 70.3m)
  2850/4520  (115.9m, ETA 67.9m)
  2900/4520  (117.4m, ETA 65.6m)
  2950/4520  (118.9m, ETA 63.3m)
  3000/4520  (120.4m, ETA 61.0m)
  3050/4520  (121.9m, ETA 58.7m)
  3100/4520  (123.4m, ETA 56.5m)
  3150/4520  (124.9m, ETA 54.3m)
  3200/4520  (126.3m, ETA 52.1m)
  3250/4520  (127.8m, ETA 50.0m)
  3300/4520  (129.3m, ETA 47.8m)
  3350/4520  (130.8m, ETA 45.7m)
  3400/4520  (132.3m, ETA 43.6m)
  3450/4520  (133.8m, ETA 41.5m)
  3500/4520  (135.2m, ETA 39.4m)
  3550/4520  (136.7m, ETA 37.4m)
  3600/4520  (138.2m, ETA 35.3m)
  3650/4520  (139.7m, ETA 33.3m)
  3700/4520  (141.2m, ETA 31.3m)
  3750/4520  (142.7m, ETA 29.3m)
  3800/4520  (144.1m, ETA 27.3m)
  3850/4520  (145.6m, ETA 25.3m)
  3900/4520  (147.1m, ETA 23.4m)
  3950/4520  (148.6m, ETA 21.4m)
  4000/4520  (150.1m, ETA 19.5m)
  4050/4520  (151.6m, ETA 17.6m)
  4100/4520  (153.1m, ETA 15.7m)
  4150/4520  (154.6m, ETA 13.8m)
  4200/4520  (156.1m, ETA 11.9m)
  4250/4520  (157.6m, ETA 10.0m)
  4300/4520  (159.1m, ETA 8.1m)
  4350/4520  (160.6m, ETA 6.3m)
  4400/4520  (162.1m, ETA 4.4m)
  4450/4520  (163.6m, ETA 2.6m)
  4500/4520  (165.1m, ETA 0.7m)
  4520/4520  (166.4m, ETA 0.0m)
Backfilled 4520 records in 168.9 min

Backfill done: Tue Jun  9 11:02:25 PM PDT 2026
